Arguments: 
  C:\Program Files\nodejs\node.exe C:\Users\Sean\AppData\Roaming\npm\node_modules\yarn\bin\yarn.js init

PATH: 
  C:\Program Files (x86)\VMware\VMware Workstation\bin\;D:\libtorch\200_cu118\lib;C:\Windows\system32;C:\Windows;C:\Windows\System32\Wbem;C:\Windows\System32\WindowsPowerShell\v1.0\;C:\Windows\System32\OpenSSH\;C:\Program Files (x86)\NVIDIA Corporation\PhysX\Common;C:\Program Files\PuTTY\;C:\Program Files\Git\cmd;D:\CUDA\v11.8\bin;D:\CUDA\v11.8\libnvvp;C:\Program Files\nodejs\;C:\Program Files\dotnet\;C:\Users\Sean\anaconda3\;C:\Users\Sean\anaconda3\Scripts\;C:\Users\Sean\.cargo\bin;C:\Users\Sean\AppData\Local\Microsoft\WindowsApps;C:\Users\Sean\AppData\Local\Programs\Microsoft VS Code\bin;C:\Users\Sean\AppData\Local\GitHubDesktop\bin;C:\Users\Sean\AppData\Roaming\npm

Yarn version: 
  1.22.19

Node version: 
  19.8.1

Platform: 
  win32 x64

Trace: 
  Error: canceled
      at Interface.<anonymous> (C:\Users\Sean\AppData\Roaming\npm\node_modules\yarn\lib\cli.js:137150:13)
      at Interface.emit (node:events:512:28)
      at [_ttyWrite] [as _ttyWrite] (node:internal/readline/interface:1132:18)
      at ReadStream.onkeypress (node:internal/readline/interface:271:20)
      at ReadStream.emit (node:events:512:28)
      at emitKeys (node:internal/readline/utils:357:14)
      at emitKeys.next (<anonymous>)
      at ReadStream.onData (node:internal/readline/emitKeypressEvents:64:36)
      at ReadStream.emit (node:events:512:28)
      at addChunk (node:internal/streams/readable:324:12)

npm manifest: 
  No manifest

yarn manifest: 
  No manifest

Lockfile: 
  No lockfile
